[2024-06-05 22:56:46] - GET /getUserInfo
[2024-06-05 22:56:46] - GET /getUserInfo
[2024-06-05 22:56:46] - GET /getPages
[2024-06-05 22:56:46] - User access level: 1
[2024-06-05 22:56:57] - GET /getSensorData
[2024-06-05 22:56:57] - GET /getUserInfo
[2024-06-05 22:56:57] - GET /getUserInfo
[2024-06-05 22:56:57] - GET /getPages
[2024-06-05 22:56:57] - User access level: 1
[2024-06-05 22:57:23] - GET /getUserInfo
[2024-06-05 22:57:23] - GET /getUserInfo
[2024-06-05 22:57:23] - GET /getPages
[2024-06-05 22:57:23] - User access level: 1
[2024-06-05 23:05:43] - GET /getUserInfo
[2024-06-05 23:05:43] - GET /getUserInfo
[2024-06-05 23:05:43] - GET /getPages
[2024-06-05 23:05:43] - User access level: 1
[2024-06-05 23:09:52] - POST /addPage
[2024-06-05 23:10:57] - POST /addPage
[2024-06-05 23:11:32] - POST /addPage
[2024-06-05 23:12:35] - POST /addPage
[2024-06-05 23:13:07] - POST /addPage
[2024-06-05 23:14:00] - POST /addPage
[2024-06-05 23:14:18] - POST /addPage
[2024-06-05 23:15:27] - POST /addPage
[2024-06-05 23:17:32] - POST /addPage
[2024-06-05 23:17:58] - POST /addPage
[2024-06-05 23:18:26] - POST /addPage
[2024-06-05 23:18:38] - GET /getUserInfo
[2024-06-05 23:18:38] - GET /getUserInfo
[2024-06-05 23:18:38] - GET /getPages
[2024-06-05 23:18:38] - User access level: 0
[2024-06-05 23:21:45] - GET /logout
[2024-06-05 23:21:45] - GET /getUserInfo
[2024-06-05 23:21:45] - GET /getUserInfo
[2024-06-05 23:21:45] - GET /getPages
[2024-06-05 23:21:45] - User access level: 0
[2024-06-05 23:25:52] - GET /logout
[2024-06-05 23:25:52] - GET /getUserInfo
[2024-06-05 23:25:52] - GET /getPages
[2024-06-05 23:25:52] - User access level: 0
[2024-06-05 23:25:52] - GET /getUserInfo
[2024-06-05 23:25:53] - GET /logout
[2024-06-05 23:25:53] - GET /getUserInfo
[2024-06-05 23:25:53] - GET /getUserInfo
[2024-06-05 23:25:53] - GET /getPages
[2024-06-05 23:25:53] - User access level: 0
[2024-06-05 23:26:06] - GET /logout
[2024-06-05 23:26:24] - GET /logout
[2024-06-05 23:26:29] - GET /getUserInfo
[2024-06-05 23:26:29] - GET /getUserInfo
[2024-06-05 23:26:29] - GET /getPages
[2024-06-05 23:26:29] - User access level: 0
[2024-06-05 23:26:30] - GET /logout
[2024-06-05 23:41:27] - GET /getUserInfo
[2024-06-05 23:41:27] - GET /getUserInfo
[2024-06-05 23:41:27] - GET /getPages
[2024-06-05 23:41:27] - User access level: 1
[2024-06-05 23:41:33] - GET /logout
[2024-06-05 23:41:33] - GET /getUserInfo
[2024-06-05 23:41:33] - GET /getPages
[2024-06-05 23:41:33] - User access level: 0
[2024-06-05 23:41:34] - GET /getUserInfo
[2024-06-05 23:51:34] - GET /getUserInfo
[2024-06-05 23:51:34] - GET /getUserInfo
[2024-06-05 23:51:34] - GET /getPages
[2024-06-05 23:51:34] - User access level: 0
[2024-06-05 23:51:38] - GET /getUserInfo
[2024-06-05 23:51:38] - GET /getUserInfo
[2024-06-05 23:51:38] - GET /getPages
[2024-06-05 23:51:38] - User access level: 0
[2024-06-05 23:54:02] - POST /login
[2024-06-05 23:54:04] - GET /getUserInfo
[2024-06-05 23:54:04] - GET /getUserInfo
[2024-06-05 23:54:04] - GET /getPages
[2024-06-05 23:54:04] - User access level: 3
[2024-06-05 23:54:08] - GET /getUserInfo
[2024-06-05 23:54:08] - GET /getSensorData
[2024-06-05 23:54:08] - GET /getUserInfo
[2024-06-05 23:54:08] - GET /getUserInfo
[2024-06-05 23:54:08] - GET /getPages
[2024-06-05 23:54:08] - User access level: 3
[2024-06-05 23:54:08] - GET /getPages
[2024-06-05 23:54:08] - User access level: 3
[2024-06-05 23:54:15] - GET /getUserInfo
[2024-06-05 23:54:15] - GET /getUserInfo
[2024-06-05 23:54:15] - GET /getPages
[2024-06-05 23:54:15] - User access level: 3
[2024-06-05 23:54:15] - GET /getPages
[2024-06-05 23:54:15] - User access level: 3
[2024-06-05 23:54:15] - GET /getUserInfo
[2024-06-05 23:54:24] - GET /getUserInfo
[2024-06-05 23:54:24] - GET /getUserInfo
[2024-06-05 23:54:24] - GET /getPages
[2024-06-05 23:54:24] - User access level: 3
[2024-06-05 23:55:45] - GET /getUserInfo
[2024-06-05 23:55:45] - GET /getUserInfo
[2024-06-05 23:55:45] - GET /getPages
[2024-06-05 23:55:45] - User access level: 3
[2024-06-05 23:59:57] - GET /getUserInfo
[2024-06-05 23:59:57] - GET /getUserInfo
[2024-06-05 23:59:57] - GET /getPages
[2024-06-05 23:59:57] - User access level: 3
[2024-06-06 00:01:32] - GET /getUserInfo
[2024-06-06 00:01:32] - GET /getUserInfo
[2024-06-06 00:01:32] - GET /getPages
[2024-06-06 00:01:32] - User access level: 3
[2024-06-06 00:02:06] - GET /getUserInfo
[2024-06-06 00:02:06] - GET /getUserInfo
[2024-06-06 00:02:06] - GET /getPages
[2024-06-06 00:02:06] - User access level: 3
[2024-06-06 00:02:08] - GET /logout
[2024-06-06 00:02:08] - GET /logout
[2024-06-06 00:02:08] - GET /getUserInfo
[2024-06-06 00:02:08] - GET /getPages
[2024-06-06 00:02:08] - User access level: 0
[2024-06-06 00:02:08] - GET /getUserInfo
[2024-06-06 00:03:16] - GET /logout
[2024-06-06 00:03:21] - POST /login
[2024-06-06 00:03:23] - GET /getUserInfo
[2024-06-06 00:03:23] - GET /getUserInfo
[2024-06-06 00:03:23] - GET /getPages
[2024-06-06 00:03:23] - User access level: 3
[2024-06-06 00:03:27] - GET /getUserInfo
[2024-06-06 00:03:27] - GET /getUserInfo
[2024-06-06 00:03:27] - GET /getPages
[2024-06-06 00:03:27] - User access level: 3
[2024-06-06 00:05:25] - GET /getUserInfo
[2024-06-06 00:05:25] - GET /getUserInfo
[2024-06-06 00:05:25] - GET /getPages
[2024-06-06 00:05:25] - User access level: 3
[2024-06-06 09:02:55] - GET /getUserInfo
[2024-06-06 09:02:55] - GET /getPages
[2024-06-06 09:02:55] - User access level: 0
[2024-06-06 09:02:55] - GET /getUserInfo
[2024-06-06 09:03:20] - GET /logout
[2024-06-06 09:03:23] - GET /logout
[2024-06-06 09:04:03] - GET /getUserInfo
[2024-06-06 09:04:03] - GET /getPages
[2024-06-06 09:04:03] - User access level: 0
[2024-06-06 09:04:03] - GET /getUserInfo
[2024-06-06 09:04:07] - GET /logout
[2024-06-06 09:04:07] - GET /getUserInfo
[2024-06-06 09:04:07] - GET /getPages
[2024-06-06 09:04:07] - User access level: 0
[2024-06-06 09:04:07] - GET /getUserInfo
[2024-06-06 09:04:09] - GET /logout
[2024-06-06 09:04:09] - GET /getUserInfo
[2024-06-06 09:04:09] - GET /getPages
[2024-06-06 09:04:09] - User access level: 0
[2024-06-06 09:04:09] - GET /getUserInfo
[2024-06-06 09:04:15] - GET /logout
[2024-06-06 09:04:15] - GET /getUserInfo
[2024-06-06 09:04:15] - GET /getUserInfo
[2024-06-06 09:04:15] - GET /getPages
[2024-06-06 09:04:15] - User access level: 0
[2024-06-06 09:05:35] - GET /logout
[2024-06-06 09:05:35] - GET /getUserInfo
[2024-06-06 09:05:35] - GET /getUserInfo
[2024-06-06 09:05:35] - GET /getPages
[2024-06-06 09:05:35] - User access level: 0
[2024-06-06 09:05:43] - GET /logout
[2024-06-06 09:05:43] - GET /getUserInfo
[2024-06-06 09:05:43] - GET /getPages
[2024-06-06 09:05:43] - User access level: 0
[2024-06-06 09:05:43] - GET /getUserInfo
[2024-06-06 09:06:08] - GET /logout
[2024-06-06 09:06:16] - GET /logout
[2024-06-06 09:06:16] - GET /getUserInfo
[2024-06-06 09:06:16] - GET /getUserInfo
[2024-06-06 09:06:16] - GET /getPages
[2024-06-06 09:06:16] - User access level: 0
[2024-06-06 09:06:21] - GET /logout
[2024-06-06 09:06:21] - GET /getUserInfo
[2024-06-06 09:06:21] - GET /getUserInfo
[2024-06-06 09:06:21] - GET /getPages
[2024-06-06 09:06:21] - User access level: 0
[2024-06-06 09:06:29] - GET /logout
[2024-06-06 09:06:29] - GET /getUserInfo
[2024-06-06 09:06:29] - GET /getPages
[2024-06-06 09:06:29] - User access level: 0
[2024-06-06 09:06:29] - GET /getUserInfo
[2024-06-06 09:06:32] - GET /logout
[2024-06-06 09:06:32] - GET /getUserInfo
[2024-06-06 09:06:32] - GET /getUserInfo
[2024-06-06 09:06:32] - GET /getPages
[2024-06-06 09:06:32] - User access level: 0
[2024-06-06 09:06:39] - GET /logout
[2024-06-06 09:07:13] - POST /register
[2024-06-06 09:07:13] - calling
[2024-06-06 09:07:38] - GET /getUserInfo
[2024-06-06 09:07:38] - GET /logout
[2024-06-06 09:07:38] - GET /getUserInfo
[2024-06-06 09:07:38] - GET /getPages
[2024-06-06 09:07:38] - User access level: 0
[2024-06-06 09:07:39] - GET /logout
[2024-06-06 09:07:39] - GET /getUserInfo
[2024-06-06 09:07:39] - GET /getUserInfo
[2024-06-06 09:07:39] - GET /getPages
[2024-06-06 09:07:39] - User access level: 0
[2024-06-06 09:07:40] - GET /logout
[2024-06-06 09:15:21] - GET /getUserInfo
[2024-06-06 09:15:21] - GET /getPages
[2024-06-06 09:15:21] - User access level: 0
[2024-06-06 09:15:21] - GET /getUserInfo
[2024-06-06 09:15:28] - GET /logout
[2024-06-06 09:17:56] - POST /updateMember
[2024-06-06 09:19:41] - GET /getUserInfo
[2024-06-06 09:19:41] - GET /getPages
[2024-06-06 09:19:41] - User access level: 0
[2024-06-06 09:19:41] - GET /getUserInfo
[2024-06-06 09:19:43] - GET /logout
[2024-06-06 09:19:57] - POST /register
[2024-06-06 09:19:57] - calling
[2024-06-06 09:20:13] - POST /updateMember
[2024-06-06 09:20:13] - GET /getUserInfo
[2024-06-06 09:20:13] - GET /getPages
[2024-06-06 09:20:13] - User access level: 1
[2024-06-06 09:20:13] - GET /getUserInfo
[2024-06-06 09:21:36] - GET /logout
[2024-06-06 09:21:36] - GET /logout
[2024-06-06 09:21:36] - GET /getUserInfo
[2024-06-06 09:21:36] - GET /getPages
[2024-06-06 09:21:36] - User access level: 0
[2024-06-06 09:21:36] - GET /getUserInfo
[2024-06-06 09:21:41] - GET /logout
[2024-06-06 09:21:58] - POST /register
[2024-06-06 09:21:58] - calling
[2024-06-06 09:22:32] - POST /updateOrga
[2024-06-06 09:22:32] - GET /getUserInfo
[2024-06-06 09:22:32] - GET /getPages
[2024-06-06 09:22:32] - User access level: 2
[2024-06-06 09:22:32] - GET /getUserInfo
[2024-06-06 09:23:58] - GET /getUserInfo
[2024-06-06 09:23:58] - GET /getPages
[2024-06-06 09:23:58] - User access level: 2
[2024-06-06 09:23:58] - GET /getUserInfo
[2024-06-06 09:24:05] - GET /logout
[2024-06-06 09:25:00] - GET /getUserInfo
[2024-06-06 09:25:00] - GET /getUserInfo
[2024-06-06 09:25:00] - GET /getPages
[2024-06-06 09:25:00] - User access level: 3
[2024-06-06 09:25:05] - GET /logout
[2024-06-06 09:25:23] - GET /logout
[2024-06-06 09:25:23] - GET /getUserInfo
[2024-06-06 09:25:23] - GET /getPlaylists
[2024-06-06 09:25:23] - GET /getUserInfo
[2024-06-06 09:25:23] - GET /getPages
[2024-06-06 09:25:23] - User access level: 0
[2024-06-06 09:25:40] - GET /getUserInfo
[2024-06-06 09:25:40] - GET /getPages
[2024-06-06 09:25:40] - User access level: 0
[2024-06-06 09:25:40] - GET /getUserInfo
[2024-06-06 09:25:40] - GET /getUserInfo
[2024-06-06 09:25:40] - GET /getPages
[2024-06-06 09:25:40] - User access level: 0
[2024-06-06 09:25:50] - GET /logout
[2024-06-06 09:25:50] - GET /getUserInfo
[2024-06-06 09:25:50] - GET /getPlaylists
[2024-06-06 09:25:50] - GET /getUserInfo
[2024-06-06 09:25:50] - GET /getPages
[2024-06-06 09:25:50] - User access level: 0
[2024-06-06 09:25:52] - GET /getUserInfo
[2024-06-06 09:25:52] - GET /getPages
[2024-06-06 09:25:52] - User access level: 0
[2024-06-06 09:25:52] - GET /getUserInfo
[2024-06-06 09:25:52] - GET /getUserInfo
[2024-06-06 09:25:52] - GET /getPages
[2024-06-06 09:25:52] - User access level: 0
[2024-06-06 09:25:53] - GET /logout
[2024-06-06 09:25:53] - GET /getPlaylists
[2024-06-06 09:25:53] - GET /getUserInfo
[2024-06-06 09:25:53] - GET /getUserInfo
[2024-06-06 09:25:53] - GET /getPages
[2024-06-06 09:25:53] - User access level: 0
[2024-06-06 09:29:41] - GET /getUserInfo
[2024-06-06 09:29:41] - GET /getPlaylists
[2024-06-06 09:29:41] - GET /getUserInfo
[2024-06-06 09:29:41] - GET /getPages
[2024-06-06 09:29:41] - User access level: 0
[2024-06-06 09:29:54] - POST /login
[2024-06-06 09:29:57] - GET /getUserInfo
[2024-06-06 09:29:58] - GET /getUserInfo
[2024-06-06 09:29:58] - GET /getPages
[2024-06-06 09:29:58] - User access level: 2
[2024-06-06 09:30:02] - GET /logout
[2024-06-06 09:30:02] - GET /getUserInfo
[2024-06-06 09:30:02] - GET /getSensorData
[2024-06-06 09:30:02] - GET /getPages
[2024-06-06 09:30:02] - User access level: 0
[2024-06-06 09:30:02] - GET /getUserInfo
[2024-06-06 09:30:02] - GET /getUserInfo
[2024-06-06 09:30:02] - GET /getPages
[2024-06-06 09:30:02] - User access level: 0
[2024-06-06 09:30:54] - GET /logout
[2024-06-06 09:30:54] - GET /logout
[2024-06-06 09:31:09] - POST /login
[2024-06-06 09:31:12] - GET /getUserInfo
[2024-06-06 09:31:12] - GET /getUserInfo
[2024-06-06 09:31:12] - GET /getPages
[2024-06-06 09:31:12] - User access level: 2
[2024-06-06 09:31:15] - GET /logout
[2024-06-06 09:31:15] - GET /getUserInfo
[2024-06-06 09:31:15] - GET /getSensorData
[2024-06-06 09:31:15] - GET /getUserInfo
[2024-06-06 09:31:15] - GET /getPages
[2024-06-06 09:31:15] - User access level: 0
[2024-06-06 09:31:15] - GET /getUserInfo
[2024-06-06 09:31:15] - GET /getPages
[2024-06-06 09:31:15] - User access level: 0
[2024-06-06 09:31:42] - GET /logout
[2024-06-06 09:31:42] - GET /getSensorData
[2024-06-06 09:31:42] - GET /getUserInfo
[2024-06-06 09:31:42] - GET /getUserInfo
[2024-06-06 09:31:42] - GET /getUserInfo
[2024-06-06 09:31:42] - GET /getPages
[2024-06-06 09:31:42] - User access level: 0
[2024-06-06 09:31:42] - GET /getPages
[2024-06-06 09:31:42] - User access level: 0
[2024-06-06 09:32:07] - GET /logout
[2024-06-06 09:32:07] - GET /logout
[2024-06-06 09:32:07] - GET /getUserInfo
[2024-06-06 09:32:07] - GET /getUserInfo
[2024-06-06 09:32:07] - GET /getPages
[2024-06-06 09:32:07] - User access level: 0
[2024-06-06 09:32:44] - GET /logout
[2024-06-06 09:32:44] - GET /getUserInfo
[2024-06-06 09:32:44] - GET /getPages
[2024-06-06 09:32:44] - User access level: 0
[2024-06-06 09:32:44] - GET /getUserInfo
[2024-06-06 09:33:18] - GET /logout
[2024-06-06 09:33:26] - POST /login
[2024-06-06 09:33:27] - GET /getUserInfo
[2024-06-06 09:33:27] - GET /getPages
[2024-06-06 09:33:27] - User access level: 2
[2024-06-06 09:33:27] - GET /getUserInfo
[2024-06-06 09:34:19] - GET /logout
[2024-06-06 09:34:19] - GET /getUserInfo
[2024-06-06 09:34:19] - GET /getPages
[2024-06-06 09:34:19] - User access level: 0
[2024-06-06 09:34:24] - GET /getUserInfo
[2024-06-06 09:34:25] - GET /logout
[2024-06-06 09:34:31] - POST /login
[2024-06-06 09:34:32] - GET /getUserInfo
[2024-06-06 09:34:32] - GET /getPages
[2024-06-06 09:34:32] - User access level: 1
[2024-06-06 09:34:34] - GET /getUserInfo
[2024-06-06 09:36:22] - GET /logout
[2024-06-06 09:36:22] - GET /getUserInfo
[2024-06-06 09:36:22] - GET /getUserInfo
[2024-06-06 09:36:23] - GET /getPages
[2024-06-06 09:36:23] - User access level: 0
[2024-06-06 09:36:40] - GET /logout
[2024-06-06 09:38:02] - GET /logout
[2024-06-06 09:39:31] - POST /login
[2024-06-06 09:39:43] - GET /getUserInfo
[2024-06-06 09:39:44] - GET /getUserInfo
[2024-06-06 09:39:44] - GET /getPages
[2024-06-06 09:39:44] - User access level: 0
[2024-06-06 09:39:46] - GET /logout
[2024-06-06 09:39:53] - POST /login
[2024-06-06 09:40:37] - POST /login
[2024-06-06 09:41:09] - GET /getUserInfo
[2024-06-06 09:41:09] - GET /logout
[2024-06-06 09:41:09] - GET /getUserInfo
[2024-06-06 09:41:09] - GET /getPages
[2024-06-06 09:41:09] - User access level: 0
[2024-06-06 09:41:12] - POST /login
[2024-06-06 09:41:14] - GET /getUserInfo
[2024-06-06 09:41:14] - GET /getPages
[2024-06-06 09:41:14] - User access level: 3
[2024-06-06 09:41:14] - GET /getUserInfo
[2024-06-06 09:41:16] - GET /logout
[2024-06-06 09:41:16] - GET /getUserInfo
[2024-06-06 09:41:16] - GET /getPages
[2024-06-06 09:41:16] - User access level: 0
[2024-06-06 09:41:16] - GET /getUserInfo
[2024-06-06 09:41:26] - GET /getUserInfo
[2024-06-06 09:41:26] - GET /getUserInfo
[2024-06-06 09:41:26] - GET /getPages
[2024-06-06 09:41:26] - User access level: 0
[2024-06-06 09:41:27] - GET /logout
[2024-06-06 09:42:46] - GET /getUserInfo
[2024-06-06 09:42:46] - GET /getUserInfo
[2024-06-06 09:42:46] - GET /getPages
[2024-06-06 09:42:46] - User access level: 0
[2024-06-06 09:42:48] - GET /logout
[2024-06-06 09:43:14] - POST /login
[2024-06-06 09:43:16] - GET /getUserInfo
[2024-06-06 09:43:16] - GET /getPages
[2024-06-06 09:43:16] - User access level: 1
[2024-06-06 09:43:16] - GET /getUserInfo
[2024-06-06 09:44:34] - GET /logout
[2024-06-06 09:44:34] - GET /logout
[2024-06-06 09:44:34] - GET /getUserInfo
[2024-06-06 09:44:34] - GET /getUserInfo
[2024-06-06 09:44:34] - GET /getPages
[2024-06-06 09:44:34] - User access level: 0
[2024-06-06 09:44:34] - GET /logout
[2024-06-06 09:45:02] - GET /logout
[2024-06-06 09:46:37] - POST /renewPassword1
[2024-06-06 09:48:47] - GET /getUserInfo
[2024-06-06 09:48:47] - GET /getPages
[2024-06-06 09:48:47] - User access level: 0
[2024-06-06 09:48:47] - GET /getUserInfo
[2024-06-06 09:48:49] - GET /logout
[2024-06-06 09:48:56] - POST /login
[2024-06-06 09:48:57] - GET /getUserInfo
[2024-06-06 09:48:57] - GET /getPages
[2024-06-06 09:48:57] - User access level: 1
[2024-06-06 09:48:57] - GET /getUserInfo
[2024-06-06 09:49:14] - GET /logout
[2024-06-06 09:49:14] - GET /getUserInfo
[2024-06-06 09:49:14] - GET /getUserInfo
[2024-06-06 09:49:14] - GET /getPages
[2024-06-06 09:49:14] - User access level: 0
[2024-06-06 09:49:24] - GET /logout
[2024-06-06 09:49:28] - GET /logout
[2024-06-06 09:49:39] - GET /getUserInfo
[2024-06-06 09:49:39] - GET /getPages
[2024-06-06 09:49:39] - User access level: 0
[2024-06-06 09:49:39] - GET /getUserInfo
[2024-06-06 09:50:42] - GET /logout
[2024-06-06 09:50:57] - POST /register
[2024-06-06 09:50:57] - calling
[2024-06-06 09:51:32] - POST /updateOrga
[2024-06-06 09:51:32] - GET /getUserInfo
[2024-06-06 09:51:32] - GET /getUserInfo
[2024-06-06 09:51:33] - GET /getPages
[2024-06-06 09:51:33] - User access level: 2
[2024-06-06 09:54:43] - GET /logout
[2024-06-06 09:54:43] - GET /getUserInfo
[2024-06-06 09:54:43] - GET /getPages
[2024-06-06 09:54:43] - User access level: 0
[2024-06-06 09:54:43] - GET /getUserInfo
[2024-06-06 09:54:44] - GET /logout
[2024-06-06 09:54:52] - POST /login
[2024-06-06 09:54:55] - GET /getUserInfo
[2024-06-06 09:54:55] - GET /getPages
[2024-06-06 09:54:55] - User access level: 1
[2024-06-06 09:54:55] - GET /getUserInfo
[2024-06-06 09:55:16] - GET /logout
[2024-06-06 09:55:19] - GET /getUserInfo
[2024-06-06 09:55:19] - GET /getUserInfo
[2024-06-06 09:55:20] - GET /getPages
[2024-06-06 09:55:20] - User access level: 0
[2024-06-06 09:55:21] - GET /logout
[2024-06-06 09:55:23] - POST /login
[2024-06-06 09:55:25] - GET /getUserInfo
[2024-06-06 09:55:25] - GET /getUserInfo
[2024-06-06 09:55:25] - GET /getPages
[2024-06-06 09:55:25] - User access level: 3
[2024-06-06 09:56:04] - GET /logout
[2024-06-06 09:56:04] - GET /getUserInfo
[2024-06-06 09:56:04] - GET /getPages
[2024-06-06 09:56:04] - User access level: 0
[2024-06-06 09:56:05] - GET /getUserInfo
[2024-06-06 09:56:17] - POST /login
[2024-06-06 09:56:19] - GET /getUserInfo
[2024-06-06 09:56:19] - GET /getUserInfo
[2024-06-06 09:56:19] - GET /getPages
[2024-06-06 09:56:19] - User access level: 3
[2024-06-06 09:56:20] - GET /getUserInfo
[2024-06-06 09:56:20] - GET /getUserInfo
[2024-06-06 09:56:20] - GET /getUserInfo
[2024-06-06 09:56:20] - GET /getPages
[2024-06-06 09:56:20] - User access level: 3
[2024-06-06 09:58:57] - GET /getUserInfo
[2024-06-06 09:58:57] - GET /getPages
[2024-06-06 09:58:57] - User access level: 0
[2024-06-06 09:58:57] - GET /getUserInfo
[2024-06-06 09:59:44] - GET /logout
[2024-06-06 09:59:44] - GET /getUserInfo
[2024-06-06 09:59:44] - GET /getPages
[2024-06-06 09:59:44] - User access level: 0
[2024-06-06 09:59:48] - GET /getUserInfo
[2024-06-06 10:00:08] - GET /logout
[2024-06-06 10:00:16] - POST /login
[2024-06-06 10:00:17] - GET /getUserInfo
[2024-06-06 10:00:17] - GET /getPages
[2024-06-06 10:00:17] - User access level: 1
[2024-06-06 10:00:18] - GET /getUserInfo
[2024-06-06 10:00:19] - GET /logout
[2024-06-06 10:00:19] - GET /getUserInfo
[2024-06-06 10:01:21] - GET /getUserInfo
[2024-06-06 10:01:21] - GET /getUserInfo
[2024-06-06 10:01:25] - GET /getUserInfo
[2024-06-06 10:01:25] - GET /getUserInfo
[2024-06-06 10:02:01] - GET /getUserInfo
[2024-06-06 10:02:01] - GET /getPages
[2024-06-06 10:02:01] - User access level: 0
[2024-06-06 10:02:02] - GET /getUserInfo
[2024-06-06 10:02:05] - GET /logout
[2024-06-06 10:02:12] - POST /login
[2024-06-06 10:02:14] - GET /getUserInfo
[2024-06-06 10:02:14] - GET /getPages
[2024-06-06 10:02:14] - User access level: 1
[2024-06-06 10:02:14] - GET /getUserInfo
[2024-06-06 10:02:16] - GET /logout
[2024-06-06 10:02:16] - GET /getUserInfo
[2024-06-06 10:03:25] - GET /getUserInfo
[2024-06-06 10:03:28] - GET /getUserInfo
[2024-06-06 10:03:28] - GET /getPages
[2024-06-06 10:03:28] - User access level: 0
[2024-06-06 10:03:28] - GET /getUserInfo
[2024-06-06 10:03:35] - GET /logout
[2024-06-06 10:03:41] - POST /login
[2024-06-06 10:03:43] - GET /getUserInfo
[2024-06-06 10:03:43] - GET /getPages
[2024-06-06 10:03:43] - User access level: 1
[2024-06-06 10:03:43] - GET /getUserInfo
[2024-06-06 10:03:47] - GET /logout
[2024-06-06 10:03:47] - GET /getUserInfo
[2024-06-06 10:03:47] - GET /getPages
[2024-06-06 10:03:47] - User access level: 0
[2024-06-06 10:03:47] - GET /getUserInfo
[2024-06-06 10:04:05] - GET /getUserInfo
[2024-06-06 10:04:05] - GET /logout
[2024-06-06 10:04:05] - GET /getUserInfo
[2024-06-06 10:04:05] - GET /getPages
[2024-06-06 10:04:05] - User access level: 0
[2024-06-06 10:04:05] - GET /logout
[2024-06-06 10:04:05] - GET /getUserInfo
[2024-06-06 10:04:05] - GET /getUserInfo
[2024-06-06 10:04:05] - GET /getPages
[2024-06-06 10:04:05] - User access level: 0
[2024-06-06 10:04:07] - GET /logout
[2024-06-06 10:04:13] - POST /login
[2024-06-06 10:04:14] - GET /getUserInfo
[2024-06-06 10:04:14] - GET /getPages
[2024-06-06 10:04:14] - User access level: 1
[2024-06-06 10:04:14] - GET /getUserInfo
[2024-06-06 10:04:53] - GET /logout
[2024-06-06 10:04:53] - GET /getUserInfo
[2024-06-06 10:04:53] - GET /getPages
[2024-06-06 10:04:53] - User access level: 0
[2024-06-06 10:04:54] - GET /getUserInfo
[2024-06-06 10:05:01] - POST /login
[2024-06-06 10:05:03] - GET /getUserInfo
[2024-06-06 10:05:03] - GET /getPages
[2024-06-06 10:05:03] - User access level: 1
[2024-06-06 10:05:05] - GET /getUserInfo
[2024-06-06 10:05:06] - GET /getUserInfo
[2024-06-06 10:05:59] - GET /getUserInfo
[2024-06-06 10:05:59] - GET /getPages
[2024-06-06 10:05:59] - User access level: 1
[2024-06-06 10:05:59] - GET /getUserInfo
[2024-06-06 10:06:01] - GET /getUserInfo
[2024-06-06 10:06:11] - POST /uploadAvatar
[2024-06-06 10:06:17] - GET /getUserInfo
[2024-06-06 10:06:17] - GET /getUserInfo
[2024-06-06 10:06:17] - GET /getPages
[2024-06-06 10:06:17] - User access level: 1
[2024-06-06 10:06:19] - GET /getUserInfo
[2024-06-06 10:07:39] - GET /getUserInfo
[2024-06-06 10:07:39] - GET /getPages
[2024-06-06 10:07:39] - User access level: 1
[2024-06-06 10:07:39] - GET /getUserInfo
[2024-06-06 10:51:32] - GET /logout
[2024-06-06 10:51:32] - GET /getUserInfo
[2024-06-06 10:51:32] - GET /getPages
[2024-06-06 10:51:32] - User access level: 0
[2024-06-06 10:51:32] - GET /getUserInfo
[2024-06-06 10:51:36] - GET /getUserInfo
[2024-06-06 10:51:36] - GET /getPages
[2024-06-06 10:51:36] - User access level: 0
[2024-06-06 10:51:36] - GET /getUserInfo
[2024-06-06 11:10:37] - GET /getUserInfo
[2024-06-06 11:10:37] - GET /getPages
[2024-06-06 11:10:37] - User access level: 0
[2024-06-06 11:10:37] - GET /getUserInfo
[2024-06-06 11:10:48] - POST /register
[2024-06-06 11:10:48] - calling
[2024-06-06 11:11:27] - POST /updateOrga
[2024-06-06 11:11:27] - GET /getUserInfo
[2024-06-06 11:11:27] - GET /getPages
[2024-06-06 11:11:27] - User access level: 2
[2024-06-06 11:11:27] - GET /getUserInfo
[2024-06-06 11:11:39] - GET /getUserInfo
[2024-06-06 11:11:48] - POST /uploadAvatar
[2024-06-06 11:12:01] - GET /getUserInfo
[2024-06-06 11:12:01] - GET /getPlaylists
[2024-06-06 11:12:01] - GET /getUserInfo
[2024-06-06 11:12:01] - GET /getPages
[2024-06-06 11:12:01] - User access level: 2
[2024-06-06 11:12:06] - GET /getUserInfo
[2024-06-06 11:12:06] - GET /getUserInfo
[2024-06-06 11:12:06] - GET /getPages
[2024-06-06 11:12:06] - User access level: 2
[2024-06-06 11:12:06] - GET /getUserInfo
[2024-06-06 11:12:06] - GET /getPages
[2024-06-06 11:12:06] - User access level: 2
[2024-06-06 11:12:18] - GET /getPlaylists
[2024-06-06 11:12:18] - GET /getUserInfo
[2024-06-06 11:12:18] - GET /getUserInfo
[2024-06-06 11:12:18] - GET /getPages
[2024-06-06 11:12:18] - User access level: 2
[2024-06-06 11:13:20] - POST /addPlaylistAndMusic
[2024-06-06 11:13:22] - GET /getUserInfo
[2024-06-06 11:13:22] - GET /getPlaylists
[2024-06-06 11:13:22] - GET /getUserInfo
[2024-06-06 11:13:22] - GET /getPages
[2024-06-06 11:13:22] - User access level: 2
[2024-06-06 11:13:30] - GET /getSensorData
[2024-06-06 11:13:30] - GET /getUserInfo
[2024-06-06 11:13:30] - GET /getUserInfo
[2024-06-06 11:13:30] - GET /getPages
[2024-06-06 11:13:30] - User access level: 2
[2024-06-06 11:13:30] - GET /getUserInfo
[2024-06-06 11:13:30] - GET /getPages
[2024-06-06 11:13:30] - User access level: 2
[2024-06-06 11:14:03] - GET /logout
[2024-06-06 11:14:03] - GET /getUserInfo
[2024-06-06 11:14:03] - GET /getUserInfo
[2024-06-06 11:14:03] - GET /getPages
[2024-06-06 11:14:03] - User access level: 0
[2024-06-06 11:14:07] - GET /getUserInfo
[2024-06-06 11:14:07] - GET /getUserInfo
[2024-06-06 11:14:07] - GET /getPages
[2024-06-06 11:14:07] - User access level: 0
[2024-06-06 11:14:09] - GET /getUserInfo
[2024-06-06 11:14:09] - GET /getPages
[2024-06-06 11:14:09] - User access level: 0
[2024-06-06 11:14:09] - GET /getUserInfo
[2024-06-06 11:14:12] - GET /getUserInfo
[2024-06-06 11:14:12] - GET /getUserInfo
[2024-06-06 11:14:12] - GET /getPages
[2024-06-06 11:14:12] - User access level: 0
[2024-06-06 11:14:14] - GET /getUserInfo
[2024-06-06 11:14:14] - GET /getUserInfo
[2024-06-06 11:14:14] - GET /getPages
[2024-06-06 11:14:14] - User access level: 0
[2024-06-06 11:14:27] - GET /getUserInfo
[2024-06-06 11:14:27] - GET /getSensorData
[2024-06-06 11:14:27] - GET /getPages
[2024-06-06 11:14:27] - User access level: 0
[2024-06-06 11:14:27] - GET /getUserInfo
[2024-06-06 11:14:27] - GET /getUserInfo
[2024-06-06 11:14:27] - GET /getPages
[2024-06-06 11:14:27] - User access level: 0
[2024-06-06 11:14:30] - GET /logout
[2024-06-06 11:14:40] - POST /login
[2024-06-06 11:14:42] - GET /getUserInfo
[2024-06-06 11:14:42] - GET /getPages
[2024-06-06 11:14:42] - User access level: 2
[2024-06-06 11:14:42] - GET /getUserInfo
[2024-06-06 11:14:49] - GET /getUserInfo
[2024-06-06 11:14:49] - GET /getUserInfo
[2024-06-06 11:14:49] - GET /getPages
[2024-06-06 11:14:49] - User access level: 2
[2024-06-06 11:14:49] - GET /getPages
[2024-06-06 11:14:49] - User access level: 2
[2024-06-06 11:14:49] - GET /getUserInfo
[2024-06-06 11:15:39] - GET /getUserInfo
[2024-06-06 11:15:39] - GET /getPages
[2024-06-06 11:15:39] - User access level: 2
[2024-06-06 11:15:39] - GET /getUserInfo
[2024-06-06 11:15:58] - POST /addMeeting
[2024-06-06 11:16:17] - GET /getUserInfo
[2024-06-06 11:16:17] - GET /getUserInfo
[2024-06-06 11:16:17] - GET /getPages
[2024-06-06 11:16:17] - User access level: 2
[2024-06-06 11:16:30] - GET /logout
[2024-06-06 11:16:30] - GET /getUserInfo
[2024-06-06 11:16:30] - GET /getPages
[2024-06-06 11:16:30] - User access level: 0
[2024-06-06 11:16:30] - GET /getUserInfo
[2024-06-06 11:16:44] - GET /getUserInfo
[2024-06-06 11:16:44] - GET /getUserInfo
[2024-06-06 11:16:44] - GET /getPages
[2024-06-06 11:16:44] - User access level: 0
[2024-06-06 11:16:47] - GET /logout
[2024-06-06 11:16:47] - GET /getUserInfo
[2024-06-06 11:16:47] - GET /getPages
[2024-06-06 11:16:47] - User access level: 0
[2024-06-06 11:16:47] - GET /getUserInfo
[2024-06-06 11:16:57] - POST /login
[2024-06-06 11:16:59] - GET /getUserInfo
[2024-06-06 11:16:59] - GET /getPages
[2024-06-06 11:16:59] - User access level: 2
[2024-06-06 11:16:59] - GET /getUserInfo
[2024-06-06 11:17:22] - GET /getUserInfo
[2024-06-06 11:17:22] - GET /getPages
[2024-06-06 11:17:22] - User access level: 2
[2024-06-06 11:17:22] - GET /getUserInfo
[2024-06-06 11:17:26] - GET /getUserInfo
[2024-06-06 11:17:26] - GET /getUserInfo
[2024-06-06 11:17:26] - GET /getPages
[2024-06-06 11:17:26] - User access level: 2
[2024-06-06 11:30:33] - GET /logout
[2024-06-06 11:30:33] - GET /getUserInfo
[2024-06-06 11:30:33] - GET /getPages
[2024-06-06 11:30:33] - User access level: 0
[2024-06-06 11:30:33] - GET /getUserInfo
[2024-06-06 11:32:47] - POST /register
[2024-06-06 11:32:47] - calling
[2024-06-06 11:39:00] - POST /updateOrga
[2024-06-06 11:39:00] - GET /getUserInfo
[2024-06-06 11:39:00] - GET /getUserInfo
[2024-06-06 11:39:00] - GET /getPages
[2024-06-06 11:39:00] - User access level: 2
[2024-06-06 11:39:04] - GET /getUserInfo
[2024-06-06 11:39:04] - GET /getPages
[2024-06-06 11:39:04] - User access level: 2
[2024-06-06 11:39:04] - GET /getUserInfo
[2024-06-06 11:39:05] - GET /getUserInfo
[2024-06-06 11:39:05] - GET /getUserInfo
[2024-06-06 11:39:05] - GET /getPages
[2024-06-06 11:39:05] - User access level: 2
[2024-06-06 11:39:11] - GET /getUserInfo
[2024-06-06 11:39:11] - GET /getPages
[2024-06-06 11:39:11] - User access level: 2
[2024-06-06 11:39:11] - GET /getUserInfo
[2024-06-06 11:40:18] - GET /getUserInfo
[2024-06-06 11:40:18] - GET /getPages
[2024-06-06 11:40:18] - User access level: 2
[2024-06-06 11:40:18] - GET /getUserInfo
[2024-06-06 11:40:48] - GET /getUserInfo
[2024-06-06 11:40:48] - GET /getUserInfo
[2024-06-06 11:40:48] - GET /getPages
[2024-06-06 11:40:48] - User access level: 2
[2024-06-06 11:41:27] - POST /forum
[2024-06-06 11:41:29] - POST /forum
[2024-06-06 11:41:30] - POST /forum
[2024-06-06 11:41:32] - POST /forum
[2024-06-06 11:41:32] - POST /forum
[2024-06-06 11:43:04] - GET /getUserInfo
[2024-06-06 11:43:04] - GET /getUserInfo
[2024-06-06 11:43:04] - GET /getPages
[2024-06-06 11:43:04] - User access level: 2
[2024-06-06 11:43:11] - GET /getUserInfo
[2024-06-06 11:43:11] - GET /getUserInfo
[2024-06-06 11:43:11] - GET /getPages
[2024-06-06 11:43:11] - User access level: 2
[2024-06-06 11:43:19] - POST /forum
[2024-06-06 11:43:21] - GET /getUserInfo
[2024-06-06 11:43:21] - GET /getUserInfo
[2024-06-06 11:43:21] - GET /getPages
[2024-06-06 11:43:21] - User access level: 2
[2024-06-06 11:45:07] - GET /getUserInfo
[2024-06-06 11:45:07] - GET /getUserInfo
[2024-06-06 11:45:07] - GET /getPages
[2024-06-06 11:45:07] - User access level: 2
[2024-06-06 11:45:26] - GET /logout
[2024-06-06 11:45:26] - GET /getUserInfo
[2024-06-06 11:45:26] - GET /getPages
[2024-06-06 11:45:26] - User access level: 0
[2024-06-06 11:45:26] - GET /getUserInfo
[2024-06-06 11:45:56] - POST /login
[2024-06-06 11:45:59] - GET /getUserInfo
[2024-06-06 11:45:59] - GET /getPages
[2024-06-06 11:45:59] - User access level: 2
[2024-06-06 11:45:59] - GET /getUserInfo
[2024-06-06 11:46:05] - GET /getUserInfo
[2024-06-06 11:46:47] - GET /getUserInfo
[2024-06-11 10:19:45] - POST /login
[2024-06-11 10:19:47] - GET /getUserInfo
[2024-06-11 10:19:47] - GET /getPages
[2024-06-11 10:19:47] - User access level: 3
[2024-06-11 10:19:48] - GET /getUserInfo
[2024-06-14 09:05:15] - GET /getUserInfo
[2024-06-14 09:05:15] - GET /getUserInfo
[2024-06-14 09:05:15] - GET /getPages
[2024-06-14 09:05:15] - User access level: 2
[2024-06-14 09:05:29] - GET /getUserInfo
[2024-06-14 09:05:29] - GET /getPages
[2024-06-14 09:05:29] - User access level: 2
[2024-06-14 09:05:29] - GET /getUserInfo
[2024-06-14 09:05:29] - GET /getUserInfo
[2024-06-14 09:05:29] - GET /getPages
[2024-06-14 09:05:29] - User access level: 2
[2024-06-14 09:05:32] - GET /getUserInfo
[2024-06-14 09:05:32] - GET /getPages
[2024-06-14 09:05:32] - User access level: 2
[2024-06-14 09:05:32] - GET /getUserInfo
[2024-06-14 09:11:37] - GET /getUserInfo
[2024-06-14 09:11:37] - GET /getUserInfo
[2024-06-14 09:11:37] - GET /getPages
[2024-06-14 09:11:37] - User access level: 2
[2024-06-14 09:13:13] - GET /getUserInfo
[2024-06-14 09:13:13] - GET /getUserInfo
[2024-06-14 09:13:13] - GET /getPages
[2024-06-14 09:13:13] - User access level: 2
[2024-06-14 09:13:51] - GET /getUserInfo
[2024-06-14 09:13:51] - GET /getUserInfo
[2024-06-14 09:13:51] - GET /getPages
[2024-06-14 09:13:51] - User access level: 2
[2024-06-14 09:13:55] - GET /getUserInfo
[2024-06-14 09:13:55] - GET /getPages
[2024-06-14 09:13:55] - User access level: 2
[2024-06-14 09:13:55] - GET /getUserInfo
[2024-06-14 09:13:55] - GET /getUserInfo
[2024-06-14 09:13:55] - GET /getPages
[2024-06-14 09:13:55] - User access level: 2
[2024-06-14 09:13:57] - GET /getUserInfo
[2024-06-14 09:13:57] - GET /getUserInfo
[2024-06-14 09:13:57] - GET /getPages
[2024-06-14 09:13:57] - User access level: 2
[2024-06-14 09:14:09] - POST /forum
[2024-06-14 09:15:22] - GET /getUserInfo
[2024-06-14 09:15:22] - GET /getUserInfo
[2024-06-14 09:15:22] - GET /getPages
[2024-06-14 09:15:22] - User access level: 2
[2024-06-14 09:16:48] - POST /forum
[2024-06-14 09:17:15] - POST /forum
[2024-06-14 09:17:25] - POST /forum
[2024-06-14 09:17:44] - POST /forum
[2024-06-14 09:18:54] - POST /forum
[2024-06-14 09:19:15] - POST /forum
[2024-06-17 21:03:11] - GET /getSensorData
[2024-06-17 21:03:11] - GET /getUserInfo
[2024-06-17 21:03:11] - GET /getSensorData
[2024-06-17 21:03:11] - GET /getUserInfo
[2024-06-17 21:03:11] - GET /getPages
[2024-06-17 21:03:11] - User access level: 2
[2024-06-17 21:03:16] - GET /getSensorData
[2024-06-17 21:03:21] - GET /getSensorData
[2024-06-17 21:03:26] - GET /getSensorData
[2024-06-17 21:03:31] - GET /getSensorData
[2024-06-17 21:03:36] - GET /getSensorData
[2024-06-17 21:03:41] - GET /getSensorData
[2024-06-17 21:03:46] - GET /getSensorData
[2024-06-17 21:03:51] - GET /getSensorData
[2024-06-17 21:03:56] - GET /getSensorData
[2024-06-17 21:04:01] - GET /getSensorData
[2024-06-17 21:04:06] - GET /getSensorData
[2024-06-17 21:04:11] - GET /getSensorData
[2024-06-17 21:04:16] - GET /getSensorData
[2024-06-17 21:04:21] - GET /getSensorData
[2024-06-17 21:04:26] - GET /getSensorData
[2024-06-17 21:04:31] - GET /getSensorData
[2024-06-17 21:04:36] - GET /getSensorData
[2024-06-17 21:04:41] - GET /getSensorData
[2024-06-17 21:04:46] - GET /getSensorData
[2024-06-17 21:04:51] - GET /getSensorData
[2024-06-17 21:04:56] - GET /getSensorData
[2024-06-17 21:04:56] - GET /logout
[2024-06-17 21:04:56] - GET /getUserInfo
[2024-06-17 21:04:56] - GET /getSensorData
[2024-06-17 21:04:56] - GET /getSensorData
[2024-06-17 21:04:57] - GET /getUserInfo
[2024-06-17 21:04:57] - GET /getPages
[2024-06-17 21:04:57] - User access level: 0
[2024-06-17 21:05:01] - GET /getSensorData
[2024-06-17 21:05:05] - GET /logout
[2024-06-17 21:05:05] - GET /getUserInfo
[2024-06-17 21:05:05] - GET /getSensorData
[2024-06-17 21:05:05] - GET /getSensorData
[2024-06-17 21:05:05] - GET /getUserInfo
[2024-06-17 21:05:05] - GET /getPages
[2024-06-17 21:05:05] - User access level: 0
[2024-06-17 21:05:05] - GET /logout
[2024-06-17 21:05:05] - GET /getUserInfo
[2024-06-17 21:05:05] - GET /getSensorData
[2024-06-17 21:05:06] - GET /getSensorData
[2024-06-17 21:05:06] - GET /getUserInfo
[2024-06-17 21:05:06] - GET /getPages
[2024-06-17 21:05:06] - User access level: 0
[2024-06-17 21:05:11] - GET /getSensorData
[2024-06-17 21:05:16] - GET /getSensorData
[2024-06-17 21:05:21] - GET /getSensorData
[2024-06-17 21:05:26] - GET /getSensorData
[2024-06-17 21:05:31] - GET /getSensorData
[2024-06-17 21:05:36] - GET /getSensorData
[2024-06-17 21:05:41] - GET /getSensorData
[2024-06-17 21:05:45] - GET /getSensorData
[2024-06-17 21:05:51] - GET /getSensorData
[2024-06-17 21:05:56] - GET /getSensorData
[2024-06-17 21:05:58] - GET /logout
[2024-06-17 21:05:58] - GET /getSensorData
[2024-06-17 21:05:58] - GET /getSensorData
[2024-06-17 21:05:58] - GET /getUserInfo
[2024-06-17 21:05:58] - GET /getUserInfo
[2024-06-17 21:05:58] - GET /getPages
[2024-06-17 21:05:58] - User access level: 0
[2024-06-17 21:06:03] - GET /getSensorData
[2024-06-17 21:06:08] - GET /getSensorData
[2024-06-17 21:06:13] - GET /getSensorData
[2024-06-17 21:06:18] - GET /getSensorData
[2024-06-17 21:06:23] - GET /getSensorData
[2024-06-17 21:06:27] - GET /logout
[2024-06-17 21:06:27] - GET /getSensorData
[2024-06-17 21:06:27] - GET /getSensorData
[2024-06-17 21:06:27] - GET /getUserInfo
[2024-06-17 21:06:27] - GET /getUserInfo
[2024-06-17 21:06:27] - GET /getPages
[2024-06-17 21:06:27] - User access level: 0
[2024-06-17 21:06:32] - GET /getSensorData
[2024-06-17 21:06:37] - GET /getSensorData
[2024-06-17 21:06:42] - GET /getSensorData
[2024-06-17 21:06:47] - GET /getSensorData
[2024-06-17 21:06:52] - GET /getSensorData
[2024-06-17 21:06:57] - GET /getSensorData
[2024-06-17 21:07:02] - GET /getSensorData
[2024-06-17 21:07:07] - GET /getSensorData
[2024-06-17 21:07:12] - GET /getSensorData
[2024-06-17 21:07:17] - GET /getSensorData
[2024-06-17 21:07:22] - GET /getSensorData
[2024-06-17 21:07:27] - GET /getSensorData
[2024-06-17 21:07:32] - GET /getSensorData
[2024-06-17 21:07:37] - GET /getSensorData
[2024-06-17 21:08:11] - GET /getSensorData
[2024-06-17 21:08:51] - GET /getSensorData
[2024-06-17 21:08:52] - GET /getSensorData
[2024-06-17 21:08:57] - GET /getSensorData
[2024-06-17 21:09:02] - GET /getSensorData
[2024-06-17 21:09:07] - GET /getSensorData
[2024-06-17 21:09:12] - GET /getSensorData
[2024-06-17 21:09:17] - GET /getSensorData
[2024-06-17 21:09:22] - GET /getSensorData
[2024-06-17 21:09:27] - GET /getSensorData
[2024-06-17 21:09:32] - GET /getSensorData
[2024-06-17 21:09:37] - GET /getSensorData
[2024-06-17 21:09:42] - GET /getSensorData
[2024-06-17 21:09:47] - GET /getSensorData
[2024-06-17 21:09:52] - GET /getSensorData
[2024-06-17 21:09:57] - GET /getSensorData
[2024-06-17 21:10:02] - GET /getSensorData
[2024-06-17 21:10:07] - GET /getSensorData
[2024-06-17 21:10:12] - GET /getSensorData
[2024-06-17 21:10:17] - GET /getSensorData
[2024-06-17 21:10:22] - GET /getSensorData
[2024-06-17 21:10:27] - GET /getSensorData
[2024-06-17 21:10:32] - GET /getSensorData
[2024-06-17 21:10:37] - GET /getSensorData
[2024-06-17 21:11:11] - GET /getSensorData
[2024-06-17 21:11:17] - GET /getSensorData
[2024-06-17 21:11:20] - GET /logout
[2024-06-17 21:11:20] - GET /getSensorData
[2024-06-17 21:11:20] - GET /getUserInfo
[2024-06-17 21:11:20] - GET /getSensorData
[2024-06-17 21:11:20] - GET /getUserInfo
[2024-06-17 21:11:20] - GET /getPages
[2024-06-17 21:11:20] - User access level: 0
[2024-06-17 21:11:25] - GET /getSensorData
[2024-06-17 21:11:30] - GET /getSensorData
[2024-06-17 21:11:35] - GET /getSensorData
[2024-06-17 21:11:40] - GET /getSensorData
[2024-06-17 21:11:45] - GET /getSensorData
[2024-06-17 21:11:50] - GET /getSensorData
[2024-06-17 21:11:55] - GET /getSensorData
[2024-06-17 21:12:00] - GET /getSensorData
[2024-06-17 21:12:05] - GET /getSensorData
[2024-06-17 21:12:10] - GET /getSensorData
[2024-06-17 21:12:15] - GET /getSensorData
[2024-06-17 21:12:20] - GET /getSensorData
[2024-06-17 21:12:25] - GET /getSensorData
[2024-06-17 21:12:30] - GET /getSensorData
[2024-06-17 21:12:35] - GET /getSensorData
[2024-06-17 21:12:40] - GET /getSensorData
[2024-06-17 21:12:45] - GET /getSensorData
[2024-06-17 21:12:50] - GET /getSensorData
[2024-06-17 21:12:55] - GET /getSensorData
[2024-06-17 21:13:00] - GET /getSensorData
[2024-06-17 21:13:05] - GET /getSensorData
[2024-06-17 21:13:10] - GET /getSensorData
[2024-06-17 21:13:15] - GET /getSensorData
[2024-06-17 21:13:20] - GET /getSensorData
[2024-06-17 21:13:25] - GET /getSensorData
[2024-06-17 21:13:30] - GET /getSensorData
[2024-06-17 21:13:35] - GET /getSensorData
[2024-06-17 21:13:40] - GET /getSensorData
[2024-06-17 21:13:45] - GET /getSensorData
[2024-06-17 21:13:50] - GET /getSensorData
[2024-06-17 21:13:55] - GET /getSensorData
[2024-06-17 21:14:00] - GET /getSensorData
[2024-06-17 21:14:05] - GET /getSensorData
[2024-06-17 21:14:10] - GET /getSensorData
[2024-06-17 21:14:15] - GET /getSensorData
[2024-06-17 21:14:20] - GET /getSensorData
[2024-06-17 21:14:25] - GET /getSensorData
[2024-06-17 21:14:30] - GET /getSensorData
[2024-06-17 21:14:35] - GET /getSensorData
[2024-06-17 21:14:40] - GET /getSensorData
[2024-06-17 21:14:44] - GET /logout
[2024-06-17 21:14:44] - GET /getSensorData
[2024-06-17 21:14:44] - GET /getUserInfo
[2024-06-17 21:14:44] - GET /getSensorData
[2024-06-17 21:14:44] - GET /getUserInfo
[2024-06-17 21:14:44] - GET /getPages
[2024-06-17 21:14:44] - User access level: 0
[2024-06-17 21:14:49] - GET /getSensorData
[2024-06-17 21:14:54] - GET /getSensorData
[2024-06-17 21:14:57] - GET /logout
[2024-06-17 21:15:01] - GET /getUserInfo
[2024-06-17 21:15:01] - GET /getSensorData
[2024-06-17 21:15:01] - GET /getSensorData
[2024-06-17 21:15:01] - GET /getUserInfo
[2024-06-17 21:15:01] - GET /getPages
[2024-06-17 21:15:01] - User access level: 3
[2024-06-17 21:15:06] - GET /getSensorData
[2024-06-17 21:15:11] - GET /getSensorData
[2024-06-17 21:15:16] - GET /getSensorData
[2024-06-17 21:15:21] - GET /getSensorData
[2024-06-17 21:15:26] - GET /getSensorData
[2024-06-17 21:15:31] - GET /getSensorData
[2024-06-17 21:15:36] - GET /getSensorData
[2024-06-17 21:15:42] - GET /getSensorData
[2024-06-17 21:15:47] - GET /getSensorData
[2024-06-17 21:15:52] - GET /getSensorData
[2024-06-17 21:15:57] - GET /getSensorData
[2024-06-17 21:16:02] - GET /getSensorData
[2024-06-17 21:16:08] - GET /getSensorData
[2024-06-17 21:16:14] - GET /getSensorData
[2024-06-17 21:16:20] - GET /getSensorData
[2024-06-17 21:16:26] - GET /getSensorData
[2024-06-17 21:16:29] - GET /logout
[2024-06-17 21:16:29] - GET /getSensorData
[2024-06-17 21:16:29] - GET /getUserInfo
[2024-06-17 21:16:29] - GET /getSensorData
[2024-06-17 21:16:29] - GET /getUserInfo
[2024-06-17 21:16:29] - GET /getPages
[2024-06-17 21:16:29] - User access level: 0
[2024-06-17 21:16:34] - GET /getSensorData
[2024-06-17 21:16:39] - GET /getSensorData
[2024-06-17 21:16:44] - GET /getSensorData
[2024-06-17 21:16:49] - GET /getSensorData
[2024-06-17 21:16:54] - GET /getSensorData
[2024-06-17 21:16:59] - GET /getSensorData
[2024-06-17 21:17:04] - GET /getSensorData
[2024-06-17 21:17:09] - GET /getSensorData
[2024-06-17 21:17:14] - GET /getSensorData
[2024-06-17 21:17:19] - GET /getSensorData
[2024-06-17 21:17:24] - GET /getSensorData
[2024-06-17 21:17:29] - GET /getSensorData
[2024-06-17 21:17:34] - GET /getSensorData
[2024-06-17 21:17:41] - GET /getSensorData
[2024-06-17 21:17:47] - GET /getSensorData
[2024-06-17 21:18:00] - GET /getSensorData
[2024-06-17 21:18:12] - GET /getSensorData
[2024-06-17 21:18:24] - GET /getSensorData
[2024-06-17 21:18:29] - GET /getSensorData
[2024-06-17 21:18:34] - GET /getSensorData
[2024-06-17 21:18:39] - GET /getSensorData
[2024-06-17 21:18:45] - GET /getSensorData
[2024-06-17 21:18:52] - GET /getSensorData
[2024-06-17 21:18:57] - GET /getSensorData
[2024-06-17 21:19:05] - GET /getSensorData
[2024-06-17 21:19:21] - GET /getSensorData
[2024-06-17 21:19:25] - GET /logout
[2024-06-17 21:19:34] - GET /getUserInfo
[2024-06-17 21:19:34] - GET /getPages
[2024-06-17 21:19:34] - User access level: 0
[2024-06-17 21:19:35] - GET /getUserInfo
[2024-06-17 21:19:37] - POST /login
[2024-06-17 21:19:39] - GET /getUserInfo
[2024-06-17 21:19:39] - GET /getPages
[2024-06-17 21:19:39] - User access level: 3
[2024-06-17 21:19:39] - GET /getUserInfo
[2024-06-17 21:19:42] - GET /getUserInfo
[2024-06-17 21:19:42] - GET /getUserInfo
[2024-06-17 21:19:42] - GET /getSensorData
[2024-06-17 21:19:42] - GET /getSensorData
[2024-06-17 21:19:42] - GET /getPages
[2024-06-17 21:19:42] - User access level: 3
[2024-06-17 21:19:47] - GET /getSensorData
[2024-06-17 21:19:52] - GET /getSensorData
[2024-06-17 21:19:57] - GET /getSensorData
[2024-06-17 21:20:02] - GET /getSensorData
[2024-06-17 21:20:07] - GET /getSensorData
[2024-06-17 21:20:12] - GET /getSensorData
[2024-06-17 21:20:17] - GET /getSensorData
[2024-06-17 21:20:26] - GET /getSensorData
[2024-06-17 21:20:38] - GET /getSensorData
[2024-06-17 21:20:39] - GET /getSensorData
[2024-06-17 21:20:39] - GET /getUserInfo
[2024-06-17 21:20:39] - GET /getUserInfo
[2024-06-17 21:20:39] - GET /getSensorData
[2024-06-17 21:20:39] - GET /getPages
[2024-06-17 21:20:39] - User access level: 3
[2024-06-17 21:20:44] - GET /getSensorData
[2024-06-17 21:20:49] - GET /getSensorData
[2024-06-17 21:20:54] - GET /getSensorData
[2024-06-17 21:20:59] - GET /getSensorData
[2024-06-17 21:21:04] - GET /getSensorData
[2024-06-17 21:21:09] - GET /getSensorData
[2024-06-17 21:21:14] - GET /getSensorData
[2024-06-17 21:21:19] - GET /getSensorData
[2024-06-17 21:21:25] - GET /getSensorData
[2024-06-17 21:21:31] - GET /getSensorData
[2024-06-17 21:21:37] - GET /getSensorData
[2024-06-17 21:21:58] - GET /getSensorData
[2024-06-17 21:21:59] - GET /getSensorData
[2024-06-17 21:21:59] - GET /getSensorData
[2024-06-17 21:21:59] - GET /getUserInfo
[2024-06-17 21:21:59] - GET /getUserInfo
[2024-06-17 21:21:59] - GET /getPages
[2024-06-17 21:21:59] - User access level: 3
[2024-06-17 21:22:04] - GET /getSensorData
[2024-06-17 21:22:09] - GET /getSensorData
[2024-06-17 21:22:14] - GET /getSensorData
[2024-06-17 21:22:19] - GET /getSensorData
[2024-06-17 21:22:24] - GET /getSensorData
[2024-06-17 21:22:29] - GET /getSensorData
[2024-06-17 21:22:34] - GET /getSensorData
[2024-06-17 21:22:40] - GET /getSensorData
[2024-06-17 21:22:49] - GET /getSensorData
[2024-06-17 21:22:56] - GET /getSensorData
[2024-06-17 21:23:06] - GET /getSensorData
[2024-06-17 21:23:11] - GET /getSensorData
[2024-06-17 21:23:17] - GET /getSensorData
[2024-06-17 21:23:23] - GET /getSensorData
[2024-06-17 21:23:33] - GET /getSensorData
[2024-06-17 21:23:45] - GET /getSensorData
[2024-06-17 21:24:13] - GET /getSensorData
[2024-06-17 21:24:41] - GET /getSensorData
[2024-06-17 21:25:52] - GET /getSensorData
[2024-06-17 21:26:59] - GET /getSensorData
[2024-06-17 21:27:40] - GET /getSensorData
[2024-06-17 21:27:41] - GET /getUserInfo
[2024-06-17 21:27:41] - GET /getSensorData
[2024-06-17 21:27:41] - GET /getSensorData
[2024-06-17 21:27:41] - GET /getUserInfo
[2024-06-17 21:27:41] - GET /getPages
[2024-06-17 21:27:41] - User access level: 3
[2024-06-17 21:27:46] - GET /getSensorData
[2024-06-17 21:27:51] - GET /getSensorData
[2024-06-17 21:27:53] - GET /getSensorData
[2024-06-17 21:27:53] - GET /getSensorData
[2024-06-17 21:27:53] - GET /getUserInfo
[2024-06-17 21:27:53] - GET /getUserInfo
[2024-06-17 21:27:53] - GET /getPages
[2024-06-17 21:27:53] - User access level: 3
[2024-06-17 21:27:53] - GET /getUserInfo
[2024-06-17 21:27:53] - GET /getSensorData
[2024-06-17 21:27:53] - GET /getUserInfo
[2024-06-17 21:27:53] - GET /getSensorData
[2024-06-17 21:27:53] - GET /getPages
[2024-06-17 21:27:53] - User access level: 3
[2024-06-17 21:27:54] - GET /getSensorData
[2024-06-17 21:27:54] - GET /getUserInfo
[2024-06-17 21:27:54] - GET /getSensorData
[2024-06-17 21:27:54] - GET /getUserInfo
[2024-06-17 21:27:54] - GET /getPages
[2024-06-17 21:27:54] - User access level: 3
[2024-06-17 21:27:55] - GET /logout
[2024-06-17 21:28:49] - GET /getSensorData
[2024-06-17 21:28:49] - GET /getUserInfo
[2024-06-17 21:28:49] - GET /getSensorData
[2024-06-17 21:28:49] - GET /getUserInfo
[2024-06-17 21:28:49] - GET /getPages
[2024-06-17 21:28:49] - User access level: 0
[2024-06-17 21:28:54] - GET /getSensorData
[2024-06-17 21:28:59] - GET /getSensorData
[2024-06-17 21:29:04] - GET /getSensorData
[2024-06-17 21:29:09] - GET /getSensorData
[2024-06-17 21:29:14] - GET /getSensorData
[2024-06-17 21:29:19] - GET /getSensorData
[2024-06-17 21:29:24] - GET /getSensorData
[2024-06-17 21:29:29] - GET /getSensorData
[2024-06-17 21:29:34] - GET /getSensorData
[2024-06-17 21:29:39] - GET /getSensorData
[2024-06-17 21:29:44] - GET /getSensorData
[2024-06-17 21:29:49] - GET /getSensorData
[2024-06-17 21:29:54] - GET /getSensorData
[2024-06-17 21:29:59] - GET /getSensorData
[2024-06-17 21:30:04] - GET /getSensorData
[2024-06-17 21:30:09] - GET /getSensorData
[2024-06-17 21:30:12] - GET /logout
[2024-06-17 21:30:12] - GET /getSensorData
[2024-06-17 21:30:12] - GET /getSensorData
[2024-06-17 21:30:12] - GET /getUserInfo
[2024-06-17 21:30:12] - GET /getUserInfo
[2024-06-17 21:30:12] - GET /getPages
[2024-06-17 21:30:12] - User access level: 0
[2024-06-17 21:30:17] - GET /getSensorData
[2024-06-17 21:30:22] - GET /getSensorData
[2024-06-17 21:30:27] - GET /getSensorData
[2024-06-17 21:30:32] - GET /getSensorData
[2024-06-17 21:30:37] - GET /getSensorData
[2024-06-17 21:30:42] - GET /getSensorData
[2024-06-17 21:30:47] - GET /getSensorData
[2024-06-17 21:30:52] - GET /getSensorData
[2024-06-17 21:30:54] - GET /logout
[2024-06-17 21:31:06] - GET /getUserInfo
[2024-06-17 21:31:06] - GET /getPages
[2024-06-17 21:31:06] - User access level: 0
[2024-06-17 21:31:06] - GET /getUserInfo
[2024-06-17 21:31:15] - POST /login
[2024-06-17 21:31:17] - GET /getUserInfo
[2024-06-17 21:31:17] - GET /getUserInfo
[2024-06-17 21:31:17] - GET /getPages
[2024-06-17 21:31:17] - User access level: 3
[2024-06-17 21:31:20] - GET /getSensorData
[2024-06-17 21:31:20] - GET /getSensorData
[2024-06-17 21:31:20] - GET /getUserInfo
[2024-06-17 21:31:20] - GET /getUserInfo
[2024-06-17 21:31:20] - GET /getPages
[2024-06-17 21:31:20] - User access level: 3
[2024-06-17 21:31:25] - GET /getSensorData
[2024-06-17 21:31:30] - GET /getSensorData
[2024-06-17 21:31:35] - GET /getSensorData
[2024-06-17 21:31:40] - GET /getSensorData
[2024-06-17 21:31:45] - GET /getSensorData
[2024-06-17 21:31:50] - GET /getSensorData
[2024-06-17 21:31:55] - GET /getSensorData
[2024-06-17 21:32:00] - GET /getSensorData
[2024-06-17 21:32:05] - GET /getSensorData
[2024-06-17 21:32:10] - GET /getSensorData
[2024-06-17 21:32:15] - GET /getSensorData
[2024-06-17 21:32:20] - GET /getSensorData
[2024-06-17 21:32:25] - GET /getSensorData
[2024-06-17 21:32:30] - GET /getSensorData
[2024-06-17 21:32:35] - GET /getSensorData
[2024-06-17 21:32:40] - GET /getSensorData
[2024-06-17 21:32:45] - GET /getSensorData
[2024-06-17 21:32:51] - GET /getSensorData
[2024-06-17 21:32:57] - GET /getSensorData
[2024-06-17 21:33:05] - GET /getSensorData
[2024-06-17 21:33:19] - GET /getSensorData
[2024-06-17 21:33:41] - GET /getSensorData
[2024-06-17 21:33:42] - GET /logout
[2024-06-17 21:33:42] - GET /getSensorData
[2024-06-17 21:33:42] - GET /getUserInfo
[2024-06-17 21:33:42] - GET /getSensorData
[2024-06-17 21:33:43] - GET /getUserInfo
[2024-06-17 21:33:43] - GET /getPages
[2024-06-17 21:33:43] - User access level: 0
[2024-06-17 21:33:47] - GET /getSensorData
[2024-06-17 21:33:52] - GET /getSensorData
[2024-06-17 21:33:57] - GET /getSensorData
[2024-06-17 21:34:02] - GET /getSensorData
[2024-06-17 21:34:07] - GET /getSensorData
[2024-06-17 21:34:12] - GET /getSensorData
[2024-06-17 21:34:17] - GET /getSensorData
[2024-06-17 21:34:19] - GET /getUserInfo
[2024-06-17 21:34:19] - GET /getSensorData
[2024-06-17 21:34:19] - GET /getUserInfo
[2024-06-17 21:34:19] - GET /getPages
[2024-06-17 21:34:19] - User access level: 0
[2024-06-17 21:34:24] - GET /getSensorData
[2024-06-17 21:34:29] - GET /getSensorData
[2024-06-17 21:34:33] - GET /logout
[2024-06-17 21:34:45] - GET /getUserInfo
[2024-06-17 21:34:45] - GET /getSensorData
[2024-06-17 21:34:45] - GET /getPages
[2024-06-17 21:34:45] - User access level: 0
[2024-06-17 21:34:45] - GET /getUserInfo
[2024-06-17 21:34:50] - GET /getSensorData
[2024-06-17 21:34:55] - GET /getSensorData
[2024-06-17 21:35:00] - GET /getSensorData
[2024-06-17 21:35:05] - GET /getSensorData
[2024-06-17 21:35:10] - GET /getSensorData
[2024-06-17 21:35:15] - GET /getSensorData
[2024-06-17 21:35:20] - GET /getSensorData
[2024-06-17 21:35:25] - GET /getSensorData
[2024-06-17 21:35:30] - GET /getSensorData
[2024-06-17 21:35:35] - GET /getSensorData
[2024-06-17 21:35:40] - GET /getSensorData
[2024-06-17 21:35:45] - GET /getSensorData
[2024-06-17 21:35:50] - GET /getSensorData
[2024-06-17 21:35:55] - GET /getSensorData
[2024-06-17 21:36:00] - GET /getSensorData
[2024-06-17 21:36:05] - GET /getSensorData
[2024-06-17 21:36:10] - GET /getSensorData
[2024-06-17 21:36:15] - GET /getSensorData
[2024-06-17 21:36:20] - GET /getSensorData
[2024-06-17 21:36:25] - GET /getSensorData
[2024-06-17 21:36:30] - GET /getSensorData
[2024-06-17 21:37:11] - GET /getSensorData
[2024-06-17 21:37:16] - GET /getSensorData
[2024-06-17 21:37:20] - GET /getSensorData
[2024-06-17 21:37:25] - GET /getSensorData
[2024-06-17 21:37:30] - GET /getSensorData
[2024-06-17 21:37:35] - GET /getSensorData
[2024-06-17 21:37:40] - GET /getSensorData
[2024-06-17 21:37:45] - GET /getSensorData
[2024-06-17 21:37:50] - GET /getSensorData
[2024-06-17 21:37:55] - GET /getSensorData
[2024-06-17 21:38:00] - GET /getSensorData
[2024-06-17 21:38:05] - GET /getSensorData
[2024-06-17 21:38:10] - GET /getSensorData
[2024-06-17 21:38:15] - GET /getSensorData
[2024-06-17 21:38:18] - GET /logout
[2024-06-17 21:38:18] - GET /getUserInfo
[2024-06-17 21:38:18] - GET /getSensorData
[2024-06-17 21:38:18] - GET /getUserInfo
[2024-06-17 21:38:18] - GET /getPages
[2024-06-17 21:38:18] - User access level: 0
[2024-06-17 21:38:23] - GET /getSensorData
[2024-06-17 21:38:28] - GET /getSensorData
[2024-06-17 21:38:33] - GET /getSensorData
[2024-06-17 21:38:38] - GET /getSensorData
[2024-06-17 21:38:43] - GET /getSensorData
[2024-06-17 21:38:48] - GET /getSensorData
[2024-06-17 21:38:53] - GET /getSensorData
[2024-06-17 21:38:58] - GET /getSensorData
[2024-06-17 21:39:03] - GET /getSensorData
[2024-06-17 21:39:08] - GET /getSensorData
[2024-06-17 21:39:13] - GET /getSensorData
[2024-06-17 21:39:18] - GET /getSensorData
[2024-06-17 21:39:23] - GET /getSensorData
[2024-06-17 21:39:28] - GET /getSensorData
[2024-06-17 21:39:33] - GET /getSensorData
[2024-06-17 21:39:38] - GET /getSensorData
[2024-06-17 21:39:43] - GET /getSensorData
[2024-06-17 21:39:48] - GET /getSensorData
[2024-06-17 21:39:53] - GET /getSensorData
[2024-06-17 21:39:58] - GET /getSensorData
[2024-06-17 21:40:03] - GET /getSensorData
[2024-06-17 21:40:08] - GET /getSensorData
[2024-06-17 21:40:13] - GET /getSensorData
[2024-06-17 21:40:18] - GET /getSensorData
[2024-06-17 21:40:23] - GET /getSensorData
[2024-06-17 21:40:28] - GET /getSensorData
[2024-06-17 21:40:33] - GET /getSensorData
[2024-06-17 21:40:38] - GET /getSensorData
[2024-06-17 21:40:43] - GET /getSensorData
[2024-06-17 21:40:48] - GET /getSensorData
[2024-06-17 21:40:53] - GET /getSensorData
[2024-06-17 21:40:58] - GET /getSensorData
[2024-06-17 21:41:11] - GET /getSensorData
[2024-06-17 21:41:13] - GET /getSensorData
[2024-06-17 21:41:18] - GET /getSensorData
[2024-06-17 21:41:23] - GET /getSensorData
[2024-06-17 21:41:28] - GET /getSensorData
[2024-06-17 21:41:33] - GET /getSensorData
[2024-06-17 21:41:38] - GET /getSensorData
[2024-06-17 21:41:43] - GET /getSensorData
[2024-06-17 21:41:46] - GET /logout
[2024-06-17 21:41:46] - GET /getUserInfo
[2024-06-17 21:41:46] - GET /getSensorData
[2024-06-17 21:41:46] - GET /getUserInfo
[2024-06-17 21:41:46] - GET /getPages
[2024-06-17 21:41:46] - User access level: 0
[2024-06-17 21:41:51] - GET /getSensorData
[2024-06-17 21:41:56] - GET /getSensorData
[2024-06-17 21:42:01] - GET /getSensorData
[2024-06-17 21:42:06] - GET /getSensorData
[2024-06-17 21:42:11] - GET /getSensorData
[2024-06-17 21:42:16] - GET /getSensorData
[2024-06-17 21:42:21] - GET /getSensorData
[2024-06-17 21:42:27] - GET /getSensorData
[2024-06-17 21:42:32] - GET /getSensorData
[2024-06-17 21:42:37] - GET /getSensorData
[2024-06-17 21:42:42] - GET /getSensorData
[2024-06-17 21:42:47] - GET /getSensorData
[2024-06-17 21:42:52] - GET /getSensorData
[2024-06-17 21:42:57] - GET /getSensorData
[2024-06-17 21:43:02] - GET /getSensorData
[2024-06-17 21:43:07] - GET /getSensorData
[2024-06-17 21:43:12] - GET /getSensorData
[2024-06-17 21:43:15] - GET /logout
[2024-06-17 21:43:15] - GET /getSensorData
[2024-06-17 21:43:15] - GET /getUserInfo
[2024-06-17 21:43:15] - GET /getUserInfo
[2024-06-17 21:43:15] - GET /getPages
[2024-06-17 21:43:15] - User access level: 0
[2024-06-17 21:43:20] - GET /getSensorData
[2024-06-17 21:43:26] - GET /getSensorData
[2024-06-17 21:43:31] - GET /getSensorData
[2024-06-17 21:43:36] - GET /getSensorData
[2024-06-17 21:43:40] - GET /getSensorData
[2024-06-17 21:43:45] - GET /getSensorData
[2024-06-17 21:43:50] - GET /getSensorData
[2024-06-17 21:43:55] - GET /getSensorData
[2024-06-17 21:43:58] - GET /logout
[2024-06-17 21:43:58] - GET /getUserInfo
[2024-06-17 21:43:58] - GET /getSensorData
[2024-06-17 21:43:58] - GET /getUserInfo
[2024-06-17 21:43:58] - GET /getPages
[2024-06-17 21:43:58] - User access level: 0
[2024-06-17 21:44:03] - GET /getSensorData
[2024-06-17 21:44:08] - GET /getSensorData
[2024-06-17 21:44:13] - GET /getSensorData
[2024-06-17 21:44:18] - GET /getSensorData
[2024-06-17 21:44:23] - GET /getSensorData
[2024-06-17 21:44:28] - GET /getSensorData
[2024-06-17 21:44:33] - GET /getSensorData
[2024-06-17 21:44:38] - GET /getSensorData
[2024-06-17 21:44:43] - GET /getSensorData
[2024-06-17 21:44:48] - GET /getSensorData
[2024-06-17 21:44:53] - GET /getSensorData
[2024-06-17 21:44:58] - GET /getSensorData
[2024-06-17 21:45:03] - GET /getSensorData
[2024-06-17 21:45:06] - GET /logout
[2024-06-17 21:45:06] - GET /getUserInfo
[2024-06-17 21:45:06] - GET /getSensorData
[2024-06-17 21:45:06] - GET /getPages
[2024-06-17 21:45:06] - User access level: 0
[2024-06-17 21:45:06] - GET /getUserInfo
[2024-06-17 21:45:11] - GET /getSensorData
[2024-06-17 21:45:16] - GET /getSensorData
[2024-06-17 21:45:21] - GET /getSensorData
[2024-06-17 21:45:26] - GET /getSensorData
[2024-06-17 21:45:31] - GET /getSensorData
[2024-06-17 21:45:36] - GET /getSensorData
[2024-06-17 21:45:38] - GET /logout
[2024-06-17 21:45:38] - GET /getUserInfo
[2024-06-17 21:45:38] - GET /getSensorData
[2024-06-17 21:45:38] - GET /getUserInfo
[2024-06-17 21:45:38] - GET /getPages
[2024-06-17 21:45:38] - User access level: 0
[2024-06-17 21:45:43] - GET /getSensorData
[2024-06-17 21:45:48] - GET /getSensorData
[2024-06-17 21:45:53] - GET /getSensorData
[2024-06-17 21:45:58] - GET /getSensorData
[2024-06-17 21:46:03] - GET /getSensorData
[2024-06-17 21:46:08] - GET /getSensorData
[2024-06-17 21:46:13] - GET /getSensorData
[2024-06-17 21:46:18] - GET /getSensorData
[2024-06-17 21:46:23] - GET /getSensorData
[2024-06-17 21:46:28] - GET /getSensorData
[2024-06-17 21:46:33] - GET /getSensorData
[2024-06-17 21:46:38] - GET /getSensorData
[2024-06-17 21:46:43] - GET /getSensorData
[2024-06-17 21:46:48] - GET /getSensorData
[2024-06-17 21:46:53] - GET /getSensorData
[2024-06-17 21:46:58] - GET /getSensorData
[2024-06-17 21:47:03] - GET /getSensorData
[2024-06-17 21:47:08] - GET /getSensorData
[2024-06-17 21:47:13] - GET /getSensorData
[2024-06-17 21:47:18] - GET /getSensorData
[2024-06-17 21:47:23] - GET /getSensorData
[2024-06-17 21:47:28] - GET /getSensorData
[2024-06-17 21:47:33] - GET /getSensorData
[2024-06-17 21:47:38] - GET /getSensorData
[2024-06-17 21:47:43] - GET /getSensorData
[2024-06-17 21:47:48] - GET /getSensorData
[2024-06-17 21:47:53] - GET /getSensorData
[2024-06-17 21:47:58] - GET /getSensorData
[2024-06-17 21:48:02] - GET /logout
[2024-06-17 21:48:02] - GET /getUserInfo
[2024-06-17 21:48:02] - GET /getSensorData
[2024-06-17 21:48:02] - GET /getUserInfo
[2024-06-17 21:48:02] - GET /getPages
[2024-06-17 21:48:02] - User access level: 0
[2024-06-17 21:48:07] - GET /getSensorData
[2024-06-17 21:48:12] - GET /getSensorData
[2024-06-17 21:48:17] - GET /getSensorData
[2024-06-17 21:48:22] - GET /getSensorData
[2024-06-17 21:48:27] - GET /getSensorData
[2024-06-17 21:48:32] - GET /getSensorData
[2024-06-17 21:48:37] - GET /getSensorData
[2024-06-17 21:48:42] - GET /getSensorData
[2024-06-17 21:48:47] - GET /getSensorData
[2024-06-17 21:48:52] - GET /getSensorData
[2024-06-17 21:48:57] - GET /getSensorData
[2024-06-17 21:49:02] - GET /getSensorData
[2024-06-17 21:49:07] - GET /getSensorData
[2024-06-17 21:49:12] - GET /getSensorData
[2024-06-17 21:49:17] - GET /getSensorData
[2024-06-17 21:49:22] - GET /getSensorData
[2024-06-17 21:49:27] - GET /getSensorData
[2024-06-17 21:49:32] - GET /getSensorData
