[2024-05-03 10:13:09] - ajouterEvenement called
[2024-05-03 10:13:09] - Meeting added: 91942869-cc - 2024-05-25 - 13:13 - cc - Array
[2024-05-03 10:15:28] - MeetingController initialized
[2024-05-03 10:15:28] - ajouterEvenement called
[2024-05-03 10:16:48] - MeetingController initialized
[2024-05-03 10:16:48] - ajouterEvenement called
[2024-05-03 10:16:48] - Meeting added: 10657805-cc - 2024-05-10 - 14:18 - cc - Array
[2024-05-03 10:25:22] - MeetingController initialized
[2024-05-03 10:25:22] - ajouterEvenement called
[2024-05-03 10:25:22] - Meeting added: 29217266-cc - 2024-05-09 - 13:26 - cc - Array
[2024-05-03 10:29:14] - MeetingController initialized
[2024-05-03 10:29:14] - ajouterEvenement called
[2024-05-03 10:29:14] - Meeting added: 48570110-cc - 2024-05-03 - 13:30 - c - 
[2024-05-03 10:31:55] - MeetingController initialized
[2024-05-03 10:31:55] - ajouterEvenement called
[2024-05-03 10:31:55] - Meeting added: 68175355-cc - 2024-05-07 - 17:36 - ccc - 
[2024-05-03 10:33:30] - MeetingController initialized
[2024-05-03 10:33:30] - ajouterEvenement called
[2024-05-03 10:33:30] - Meeting added: 77094943-cc - 2024-05-23 - 13:34 - ccc - Array
[2024-05-03 10:35:03] - MeetingController initialized
[2024-05-03 10:35:03] - ajouterEvenement called
[2024-05-03 10:35:03] - Meeting added: 04204771-cc - 2024-06-04 - 17:40 - ccc - Array
[2024-05-03 10:38:57] - MeetingController initialized
[2024-05-03 10:38:57] - ajouterEvenement called
[2024-05-03 10:38:57] - Meeting added: 97450082-c - 2024-05-14 - 13:39 - cc - Array
[2024-05-03 10:58:36] - MeetingController initialized
[2024-05-03 10:58:36] - ajouterEvenement called
[2024-05-03 10:58:36] - Meeting added: 01784840-ccc - 2024-05-11 - 13:59 - ccc - Array
[2024-05-06 11:37:29] - MeetingController initialized
[2024-05-06 11:37:29] - ajouterEvenement called
[2024-05-06 11:37:29] - Meeting added: 85678186-cc - 2024-05-17 - 15:39 - ccc - ccccc
[2024-05-06 11:56:48] - MeetingController initialized
[2024-05-06 11:56:48] - ajouterEvenement called
[2024-05-06 11:56:48] - Meeting added: 58737535-cccc - 2024-05-11 - 14:57 - ccc - cccc
[2024-05-06 12:00:30] - MeetingController initialized
[2024-05-06 12:00:30] - ajouterEvenement called
[2024-05-06 12:00:30] - Meeting added: 96463446-ccc - 2024-05-08 - 15:01 - ccc - ccccc
[2024-06-06 11:15:58] - MeetingController initialized
[2024-06-06 11:15:58] - ajouterEvenement called
[2024-06-06 11:15:58] - Meeting added: 66765014-test - 2024-06-07 - 14:16 - test - test
