[2024-04-17 22:24:31] - RegisterController initialized
[2024-04-17 22:24:31] - Registering user
[2024-04-17 22:28:08] - RegisterController initialized
[2024-04-17 22:28:08] - Registering user
[2024-04-17 23:21:48] - RegisterController initialized
[2024-04-17 23:21:48] - Registering user
[2024-04-17 23:47:33] - RegisterController initialized
[2024-04-17 23:47:33] - Registering user
[2024-04-17 23:47:34] - User registered: cc@cc.com - cc
[2024-04-17 23:49:06] - RegisterController initialized
[2024-04-17 23:49:06] - Registering user
[2024-04-17 23:49:06] - User registered: cc@cc.com - cc
[2024-04-17 23:51:11] - RegisterController initialized
[2024-04-17 23:51:11] - Registering user
[2024-04-17 23:51:11] - User registered: ccc@cc.com - cc
[2024-04-17 23:54:55] - RegisterController initialized
[2024-04-17 23:54:55] - Registering user
[2024-04-17 23:54:55] - User registered: cccc@cc.com - cc
[2024-04-18 00:03:21] - RegisterController initialized
[2024-04-18 00:03:21] - Registering user
[2024-04-18 00:03:25] - RegisterController initialized
[2024-04-18 00:03:25] - Registering user
[2024-04-18 00:03:25] - User registered: ccccc@cc.com - cc
[2024-04-18 00:05:25] - RegisterController initialized
[2024-04-18 00:05:25] - Registering user
[2024-04-18 00:05:32] - RegisterController initialized
[2024-04-18 00:05:32] - Registering user
[2024-04-18 00:05:32] - User registered: cccccc@cc.com - cc
[2024-04-18 00:09:59] - RegisterController initialized
[2024-04-18 00:09:59] - Registering user
[2024-04-18 00:09:59] - User registered: cccccccc@cc.com - cc
