[2024-04-29 12:50:07] - renewPasswordController initialized
[2024-04-29 12:50:07] - Verifying email
[2024-04-29 12:50:07] - Email verified
[2024-04-29 13:42:16] - renewPasswordController initialized
[2024-04-29 13:42:16] - Verifying email
[2024-04-29 13:42:16] - Email verified
[2024-04-29 13:45:43] - renewPasswordController initialized
[2024-04-29 13:45:43] - Verifying email
[2024-04-29 13:45:43] - Email verified
[2024-04-29 13:46:36] - renewPasswordController initialized
[2024-04-29 13:46:36] - Verifying email
[2024-04-29 13:46:36] - Email verified
[2024-04-29 13:46:50] - renewPasswordController initialized
[2024-04-29 13:46:50] - Verifying email
[2024-04-29 13:46:50] - Email verified
[2024-04-29 13:54:34] - renewPasswordController initialized
[2024-04-29 13:54:34] - Verifying email
[2024-04-29 13:54:34] - Email verified
[2024-04-29 13:59:32] - renewPasswordController initialized
[2024-04-29 13:59:32] - Verifying email
[2024-04-29 13:59:32] - Email verified
[2024-04-29 13:59:40] - renewPasswordController initialized
[2024-04-29 13:59:40] - Renewing password
[2024-04-29 13:59:41] - Password renewed: cc@cc.com
