
[2024-04-30 10:01:41] - Register: GET /showDatabase
[2024-04-30 10:01:41] - Dispatching request: GET
[2024-04-30 10:01:41] - Current URI: /APP-Informatique/mywebapp/public/index.php?action=showDatabase
[2024-04-30 10:01:41] - Handling URI: /showDatabase
[2024-04-30 10:01:41] - Checking pattern: ~^/showDatabase$~
[2024-04-30 10:01:41] - Pattern matched: ~^/showDatabase$~
[2024-04-30 10:01:41] - Matches: [[["\/showDatabase",0]]]
[2024-04-30 10:01:41] - Calling callback function
[2024-04-30 10:03:44] - Register: GET /showDatabase
[2024-04-30 10:03:44] - Dispatching request: GET
[2024-04-30 10:03:44] - Current URI: /APP-Informatique/mywebapp/public/index.php?action=showDatabase
[2024-04-30 10:03:44] - Handling URI: /showDatabase
[2024-04-30 10:03:44] - Checking pattern: ~^/showDatabase$~
[2024-04-30 10:03:44] - Pattern matched: ~^/showDatabase$~
[2024-04-30 10:03:44] - Matches: [[["\/showDatabase",0]]]
[2024-04-30 10:03:44] - Calling callback function
[2024-04-30 10:04:19] - Register: GET /showDatabase
[2024-04-30 10:04:19] - Dispatching request: GET
[2024-04-30 10:04:19] - Current URI: /APP-Informatique/mywebapp/public/index.php?action=showDatabase
[2024-04-30 10:04:19] - Handling URI: /showDatabase
[2024-04-30 10:04:19] - Checking pattern: ~^/showDatabase$~
[2024-04-30 10:04:19] - Pattern matched: ~^/showDatabase$~
[2024-04-30 10:04:19] - Matches: [[["\/showDatabase",0]]]
[2024-04-30 10:04:19] - Calling callback function
[2024-04-30 10:05:34] - Register: GET /showDatabase
[2024-04-30 10:05:34] - Dispatching request: GET
[2024-04-30 10:05:34] - Current URI: /APP-Informatique/mywebapp/public/index.php?action=showDatabase
[2024-04-30 10:05:34] - Handling URI: /showDatabase
[2024-04-30 10:05:34] - Checking pattern: ~^/showDatabase$~
[2024-04-30 10:05:34] - Pattern matched: ~^/showDatabase$~
[2024-04-30 10:05:34] - Matches: [[["\/showDatabase",0]]]
[2024-04-30 10:05:34] - Calling callback function
[2024-04-30 10:05:47] - Register: GET /showDatabase
[2024-04-30 10:05:47] - Dispatching request: GET
[2024-04-30 10:05:47] - Current URI: /APP-Informatique/mywebapp/public/index.php?action=showDatabase
[2024-04-30 10:05:47] - Handling URI: /showDatabase
[2024-04-30 10:05:47] - Checking pattern: ~^/showDatabase$~
[2024-04-30 10:05:47] - Pattern matched: ~^/showDatabase$~
[2024-04-30 10:05:47] - Matches: [[["\/showDatabase",0]]]
[2024-04-30 10:05:47] - Calling callback function
[2024-04-30 10:18:14] - Register: GET /showDatabase
[2024-04-30 10:18:14] - Dispatching request: GET
[2024-04-30 10:18:14] - Current URI: /APP-Informatique/mywebapp/public/index.php?action=showDatabase
[2024-04-30 10:18:14] - Handling URI: /showDatabase
[2024-04-30 10:18:14] - Checking pattern: ~^/showDatabase$~
[2024-04-30 10:18:14] - Pattern matched: ~^/showDatabase$~
[2024-04-30 10:18:14] - Matches: [[["\/showDatabase",0]]]
[2024-04-30 10:18:14] - Calling callback function
[2024-04-30 10:19:30] - Register: GET /showDatabase
[2024-04-30 10:19:30] - Dispatching request: GET
[2024-04-30 10:19:30] - Current URI: /APP-Informatique/mywebapp/public/index.php?action=showDatabase
[2024-04-30 10:19:30] - Handling URI: /showDatabase
[2024-04-30 10:19:30] - Checking pattern: ~^/showDatabase$~
[2024-04-30 10:19:30] - Pattern matched: ~^/showDatabase$~
[2024-04-30 10:19:30] - Matches: [[["\/showDatabase",0]]]
[2024-04-30 10:19:30] - Calling callback function
[2024-04-30 10:19:49] - Register: GET /showDatabase
[2024-04-30 10:19:49] - Dispatching request: GET
[2024-04-30 10:19:49] - Current URI: /APP-Informatique/mywebapp/public/index.php?action=showDatabase
[2024-04-30 10:19:49] - Handling URI: /showDatabase
[2024-04-30 10:19:49] - Checking pattern: ~^/showDatabase$~
[2024-04-30 10:19:49] - Pattern matched: ~^/showDatabase$~
[2024-04-30 10:19:49] - Matches: [[["\/showDatabase",0]]]
[2024-04-30 10:19:49] - Calling callback function
[2024-04-30 10:20:18] - Register: GET /showDatabase
[2024-04-30 10:20:18] - Dispatching request: GET
[2024-04-30 10:20:18] - Current URI: /APP-Informatique/mywebapp/public/index.php?action=showDatabase
[2024-04-30 10:20:18] - Handling URI: /showDatabase
[2024-04-30 10:20:18] - Checking pattern: ~^/showDatabase$~
[2024-04-30 10:20:18] - Pattern matched: ~^/showDatabase$~
[2024-04-30 10:20:18] - Matches: [[["\/showDatabase",0]]]
[2024-04-30 10:20:18] - Calling callback function
[2024-04-30 10:21:49] - Register: GET /showDatabase
[2024-04-30 10:21:49] - Dispatching request: GET
[2024-04-30 10:21:49] - Current URI: /APP-Informatique/mywebapp/public/index.php?action=showDatabase
[2024-04-30 10:21:49] - Handling URI: /showDatabase
[2024-04-30 10:21:49] - Checking pattern: ~^/showDatabase$~
[2024-04-30 10:21:49] - Pattern matched: ~^/showDatabase$~
[2024-04-30 10:21:49] - Matches: [[["\/showDatabase",0]]]
[2024-04-30 10:21:49] - Calling callback function
[2024-04-30 10:30:31] - Register: GET /showDatabase
[2024-04-30 10:30:31] - Dispatching request: GET
[2024-04-30 10:30:31] - Current URI: /APP-Informatique/mywebapp/public/index.php?action=showDatabase
[2024-04-30 10:30:31] - Handling URI: /showDatabase
[2024-04-30 10:30:31] - Checking pattern: ~^/showDatabase$~
[2024-04-30 10:30:31] - Pattern matched: ~^/showDatabase$~
[2024-04-30 10:30:31] - Matches: [[["\/showDatabase",0]]]
[2024-04-30 10:30:31] - Calling callback function
[2024-04-30 10:36:17] - Register: GET /showDatabase
[2024-04-30 10:36:17] - Dispatching request: GET
[2024-04-30 10:36:17] - Current URI: /APP-Informatique/mywebapp/public/index.php?action=showDatabase
[2024-04-30 10:36:17] - Handling URI: /showDatabase
[2024-04-30 10:36:17] - Checking pattern: ~^/showDatabase$~
[2024-04-30 10:36:17] - Pattern matched: ~^/showDatabase$~
[2024-04-30 10:36:17] - Matches: [[["\/showDatabase",0]]]
[2024-04-30 10:36:17] - Calling callback function
