[2024-04-30 10:05:34] - showDatabaseController initialized
[2024-04-30 10:05:34] - showDatabaseController.showDatabase() called
[2024-04-30 10:05:47] - showDatabaseController initialized
[2024-04-30 10:05:47] - showDatabaseController.showDatabase() called
[2024-04-30 10:18:14] - showDatabaseController initialized
[2024-04-30 10:18:14] - showDatabaseController.showDatabase() called
[2024-04-30 10:19:30] - showDatabaseController initialized
[2024-04-30 10:19:30] - showDatabaseController.showDatabase() called
[2024-04-30 10:19:30] - Database query success
[2024-04-30 10:19:49] - showDatabaseController initialized
[2024-04-30 10:19:49] - showDatabaseController.showDatabase() called
[2024-04-30 10:19:49] - Database query success
[2024-04-30 10:19:49] - Array
[2024-04-30 10:20:18] - showDatabaseController initialized
[2024-04-30 10:20:18] - showDatabaseController.showDatabase() called
[2024-04-30 10:20:18] - Database query success
[2024-04-30 10:21:49] - showDatabaseController initialized
[2024-04-30 10:21:49] - showDatabaseController.showDatabase() called
[2024-04-30 10:21:49] - Database query success
[2024-04-30 10:21:49] - [{"ID_USER":12,"NAME":"cc","EMAIL":"cccc@cc.com","ID_ACCESS_LEVEL":null,"TICKET":null},{"ID_USER":13,"NAME":"cc","EMAIL":"cc@cc.com","ID_ACCESS_LEVEL":null,"TICKET":null}]
[2024-04-30 10:30:31] - showDatabaseController initialized
[2024-04-30 10:30:31] - showDatabaseController.showDatabase() called
[2024-04-30 10:30:31] - Database query success
[2024-04-30 10:30:31] - [{"ID_USER":12,"NAME":"cc","EMAIL":"cccc@cc.com","ID_ACCESS_LEVEL":null,"TICKET":null},{"ID_USER":13,"NAME":"cc","EMAIL":"cc@cc.com","ID_ACCESS_LEVEL":null,"TICKET":null}]
[2024-04-30 10:36:17] - showDatabaseController initialized
[2024-04-30 10:36:17] - showDatabaseController.showDatabase() called
[2024-04-30 10:36:17] - Database query success
[2024-04-30 10:36:17] - [{"ID_USER":12,"NAME":"cc","EMAIL":"cccc@cc.com","ID_ACCESS_LEVEL":null,"TICKET":null},{"ID_USER":13,"NAME":"cc","EMAIL":"cc@cc.com","ID_ACCESS_LEVEL":null,"TICKET":null}]
