[2024-05-28 14:07:07] - User registered: cc@cc.com - cc - 20366324
[2024-05-31 14:08:16] - User registered: r@gmail.com - Romain - 42694746
[2024-06-01 13:56:50] - User registered: gregyoungforever@gmail.com - cyang - 68876064
[2024-06-01 14:45:20] - User name updated: 68876064 - cyang123
[2024-06-01 14:45:20] - User email updated: 68876064 - 
[2024-06-01 17:22:10] - User registered: gregyoungforever@gmail.com - cyang - 94559364
[2024-06-01 17:22:30] - User name updated: 94559364 - cyang123
[2024-06-01 17:22:30] - User email updated: 94559364 - gregyoungforever@gmail.com
[2024-06-01 17:22:33] - User name updated: 94559364 - cyang123
[2024-06-01 17:22:33] - User email updated: 94559364 - gregyoungforever@gmail.com
[2024-06-01 17:22:33] - User name updated: 94559364 - cyang123
[2024-06-01 17:22:33] - User email updated: 94559364 - gregyoungforever@gmail.com
[2024-06-01 17:22:34] - User name updated: 94559364 - cyang123
[2024-06-01 17:22:34] - User email updated: 94559364 - gregyoungforever@gmail.com
[2024-06-01 17:22:36] - User name updated: 94559364 - cyang123
[2024-06-01 17:22:36] - User email updated: 94559364 - gregyoungforever@gmail.com
[2024-06-01 17:22:36] - User name updated: 94559364 - cyang123
[2024-06-01 17:22:36] - User email updated: 94559364 - gregyoungforever@gmail.com
[2024-06-01 17:22:36] - User name updated: 94559364 - cyang123
[2024-06-01 17:22:36] - User email updated: 94559364 - gregyoungforever@gmail.com
[2024-06-01 17:25:06] - User name updated: 94559364 - cyang1234
[2024-06-01 17:25:06] - User email updated: 94559364 - gregyoungforever@gmail.com
[2024-06-01 17:25:23] - User name updated: 94559364 - cyang1234
[2024-06-01 17:25:23] - User email updated: 94559364 - gregyoungforever@gmail.com
[2024-06-01 17:37:16] - User avatar updated: 94559364 - source/avatars/003ville-dissy-les-moulineaux-e1556030461772-scaled.jpg
[2024-06-01 17:47:00] - User avatar updated: 94559364 - source/avatars/94559364.jpg
[2024-06-01 17:53:22] - User avatar updated: 94559364 - source/avatars/94559364.jpg
[2024-06-01 17:59:29] - User avatar updated: 94559364 - public/source/avatars/94559364.jpg
[2024-06-01 17:59:34] - User avatar updated: 94559364 - public/source/avatars/94559364.jpg
[2024-06-01 18:03:53] - User avatar updated: 94559364 - source/avatars/94559364.jpg
[2024-06-01 18:03:53] - Avatar uploaded: source/avatars/94559364.jpg
[2024-06-01 18:03:57] - User avatar updated: 94559364 - source/avatars/94559364.jpg
[2024-06-01 18:03:57] - Avatar uploaded: source/avatars/94559364.jpg
[2024-06-01 18:06:01] - User avatar updated: 94559364 - source/avatars/94559364.jpg
[2024-06-01 18:06:01] - Avatar uploaded: source/avatars/94559364.jpg
[2024-06-01 18:06:30] - User avatar updated: 94559364 - source/avatars/94559364.jpg
[2024-06-01 18:06:30] - Avatar uploaded: source/avatars/94559364.jpg
[2024-06-01 18:08:01] - User avatar updated: 94559364 - source/avatars/94559364.jpg
[2024-06-01 18:08:01] - Avatar uploaded: source/avatars/94559364.jpg
[2024-06-01 18:08:04] - User avatar updated: 94559364 - source/avatars/94559364.jpg
[2024-06-01 18:08:04] - Avatar uploaded: source/avatars/94559364.jpg
